<?xml version="1.0" encoding="UTF-8"?>
<!-- Generated by org.testng.reporters.JUnitReportReporter -->
<testsuite skipped="0" hostname="JAYALAKSHMI" name="banjararidecasestudycapabilities.test" tests="1" failures="0" timestamp="2022-12-14T12:58:52 IST" time="131.569" errors="0">
  <testcase name="launchbanjararide" time="131.569" classname="banjararidecasestudycapabilities.test"/>
  <system-out/>
</testsuite> <!-- banjararidecasestudycapabilities.test -->
